#
# There is insufficient memory for the Java Runtime Environment to continue.
# Native memory allocation (malloc) failed to allocate 2669936 bytes for Chunk::new
# Possible reasons:
#   The system is out of physical RAM or swap space
#   The process is running with CompressedOops enabled, and the Java Heap may be blocking the growth of the native heap
# Possible solutions:
#   Reduce memory load on the system
#   Increase physical memory or swap space
#   Check if swap backing store is full
#   Decrease Java heap size (-Xmx/-Xms)
#   Decrease number of Java threads
#   Decrease Java thread stack sizes (-Xss)
#   Set larger code cache with -XX:ReservedCodeCacheSize=
#   JVM is running with Unscaled Compressed Oops mode in which the Java heap is
#     placed in the first 4GB address space. The Java Heap base address is the
#     maximum limit for the native heap growth. Please use -XX:HeapBaseMinAddress
#     to set the Java Heap base and to place the Java Heap above 4GB virtual address.
# This output file may be truncated or incomplete.
#
#  Out of Memory Error (arena.cpp:189), pid=32672, tid=32764
#
# JRE version: OpenJDK Runtime Environment Temurin-17.0.8+7 (17.0.8+7) (build 17.0.8+7)
# Java VM: OpenJDK 64-Bit Server VM Temurin-17.0.8+7 (17.0.8+7, mixed mode, tiered, compressed oops, compressed class ptrs, g1 gc, windows-amd64)
# No core dump will be written. Minidumps are not enabled by default on client versions of Windows
#

---------------  S U M M A R Y ------------

Command Line: -Dfile.encoding=UTF-8 -XX:+ShowCodeDetailsInExceptionMessages it123.Main

Host: AMD Ryzen 5 5500U with Radeon Graphics         , 12 cores, 5G,  Windows 11 , 64 bit Build 22621 (10.0.22621.2506)
Time: Thu Nov 23 21:22:38 2023 Malay Peninsula Standard Time elapsed time: 8.283665 seconds (0d 0h 0m 8s)

---------------  T H R E A D  ---------------

Current thread (0x00000259422a3f80):  JavaThread "C2 CompilerThread0" daemon [_thread_in_native, id=32764, stack(0x0000008623200000,0x0000008623300000)]


Current CompileTask:
C2:   8283 1260   !   4       sun.java2d.SunGraphics2D::drawImage (150 bytes)

Stack: [0x0000008623200000,0x0000008623300000]
Native frames: (J=compiled Java code, j=interpreted, Vv=VM code, C=native code)
V  [jvm.dll+0x678b0a]
V  [jvm.dll+0x835e84]
V  [jvm.dll+0x83762e]
V  [jvm.dll+0x837c93]
V  [jvm.dll+0x24746f]
V  [jvm.dll+0xac20c]
V  [jvm.dll+0xac7dc]
V  [jvm.dll+0x365ca7]
V  [jvm.dll+0x1bd1f8]
V  [jvm.dll+0x219d49]
V  [jvm.dll+0x219011]
V  [jvm.dll+0x1a534d]
V  [jvm.dll+0x228d8a]
V  [jvm.dll+0x226dcc]
V  [jvm.dll+0x7ec09b]
V  [jvm.dll+0x7e64ca]
V  [jvm.dll+0x677955]
C  [ucrtbase.dll+0x29363]
C  [KERNEL32.DLL+0x1257d]
C  [ntdll.dll+0x5aa58]


---------------  P R O C E S S  ---------------

Threads class SMR info:
_java_thread_list=0x0000025942c67870, length=21, elements={
0x000002594213b070, 0x000002594213cbb0, 0x000002594229a100, 0x000002594229a9d0,
0x000002594229e060, 0x000002594229f6e0, 0x00000259422a3f80, 0x00000259422aba60,
0x00000259422acb10, 0x0000025942433280, 0x0000025942449870, 0x0000025942847cf0,
0x0000025942849340, 0x0000025942849dd0, 0x000002594286b010, 0x00000259290facf0,
0x0000025942b84d90, 0x0000025942b8baa0, 0x0000025942b57fd0, 0x0000025942b575b0,
0x0000025942b584e0
}

Java Threads: ( => current thread )
  0x000002594213b070 JavaThread "Reference Handler" daemon [_thread_blocked, id=32740, stack(0x0000008622c00000,0x0000008622d00000)]
  0x000002594213cbb0 JavaThread "Finalizer" daemon [_thread_blocked, id=32744, stack(0x0000008622d00000,0x0000008622e00000)]
  0x000002594229a100 JavaThread "Signal Dispatcher" daemon [_thread_blocked, id=32748, stack(0x0000008622e00000,0x0000008622f00000)]
  0x000002594229a9d0 JavaThread "Attach Listener" daemon [_thread_blocked, id=32752, stack(0x0000008622f00000,0x0000008623000000)]
  0x000002594229e060 JavaThread "Service Thread" daemon [_thread_blocked, id=32756, stack(0x0000008623000000,0x0000008623100000)]
  0x000002594229f6e0 JavaThread "Monitor Deflation Thread" daemon [_thread_blocked, id=32760, stack(0x0000008623100000,0x0000008623200000)]
=>0x00000259422a3f80 JavaThread "C2 CompilerThread0" daemon [_thread_in_native, id=32764, stack(0x0000008623200000,0x0000008623300000)]
  0x00000259422aba60 JavaThread "C1 CompilerThread0" daemon [_thread_blocked, id=30488, stack(0x0000008623300000,0x0000008623400000)]
  0x00000259422acb10 JavaThread "Sweeper thread" daemon [_thread_blocked, id=10344, stack(0x0000008623400000,0x0000008623500000)]
  0x0000025942433280 JavaThread "Notification Thread" daemon [_thread_blocked, id=21940, stack(0x0000008623500000,0x0000008623600000)]
  0x0000025942449870 JavaThread "Common-Cleaner" daemon [_thread_blocked, id=29616, stack(0x0000008623700000,0x0000008623800000)]
  0x0000025942847cf0 JavaThread "Java2D Disposer" daemon [_thread_blocked, id=26828, stack(0x0000008623800000,0x0000008623900000)]
  0x0000025942849340 JavaThread "AWT-Shutdown" [_thread_blocked, id=27788, stack(0x0000008623900000,0x0000008623a00000)]
  0x0000025942849dd0 JavaThread "AWT-Windows" daemon [_thread_in_native, id=31892, stack(0x0000008623a00000,0x0000008623b00000)]
  0x000002594286b010 JavaThread "AWT-EventQueue-0" [_thread_in_native, id=31608, stack(0x0000008623b00000,0x0000008623c00000)]
  0x00000259290facf0 JavaThread "DestroyJavaVM" [_thread_blocked, id=32712, stack(0x0000008622500000,0x0000008622600000)]
  0x0000025942b84d90 JavaThread "Java Sound Event Dispatcher" daemon [_thread_blocked, id=31876, stack(0x0000008624800000,0x0000008624900000)]
  0x0000025942b8baa0 JavaThread "Direct Clip" daemon [_thread_blocked, id=31812, stack(0x0000008624b00000,0x0000008624c00000)]
  0x0000025942b57fd0 JavaThread "Image Fetcher 0" daemon [_thread_blocked, id=30708, stack(0x0000008624c00000,0x0000008624d00000)]
  0x0000025942b575b0 JavaThread "D3D Screen Updater" daemon [_thread_blocked, id=31764, stack(0x0000008624e00000,0x0000008624f00000)]
  0x0000025942b584e0 JavaThread "TimerQueue" daemon [_thread_blocked, id=32100, stack(0x0000008625900000,0x0000008625a00000)]

Other Threads:
  0x00000259420f0590 VMThread "VM Thread" [stack: 0x0000008622b00000,0x0000008622c00000] [id=32736]
  0x000002592915d940 WatcherThread [stack: 0x0000008623600000,0x0000008623700000] [id=31040]
  0x0000025929148d00 GCTaskThread "GC Thread#0" [stack: 0x0000008622600000,0x0000008622700000] [id=32716]
  0x000002594e6dfcc0 GCTaskThread "GC Thread#1" [stack: 0x0000008624f00000,0x0000008625000000] [id=31568]
  0x000002594d06a800 GCTaskThread "GC Thread#2" [stack: 0x0000008625000000,0x0000008625100000] [id=31928]
  0x000002594d06aed0 GCTaskThread "GC Thread#3" [stack: 0x0000008625100000,0x0000008625200000] [id=32080]
  0x000002594cfee530 GCTaskThread "GC Thread#4" [stack: 0x0000008625200000,0x0000008625300000] [id=31920]
  0x000002594d53dc80 GCTaskThread "GC Thread#5" [stack: 0x0000008625300000,0x0000008625400000] [id=31448]
  0x000002594d5f0750 GCTaskThread "GC Thread#6" [stack: 0x0000008625400000,0x0000008625500000] [id=32160]
  0x000002594d5f0a10 GCTaskThread "GC Thread#7" [stack: 0x0000008625500000,0x0000008625600000] [id=31924]
  0x000002594d5f10e0 GCTaskThread "GC Thread#8" [stack: 0x0000008625600000,0x0000008625700000] [id=7916]
  0x0000025929155730 ConcurrentGCThread "G1 Main Marker" [stack: 0x0000008622700000,0x0000008622800000] [id=32720]
  0x00000259291567f0 ConcurrentGCThread "G1 Conc#0" [stack: 0x0000008622800000,0x0000008622900000] [id=32724]
  0x000002594d0450c0 ConcurrentGCThread "G1 Conc#1" [stack: 0x0000008625700000,0x0000008625800000] [id=32172]
  0x000002594d045e80 ConcurrentGCThread "G1 Conc#2" [stack: 0x0000008625800000,0x0000008625900000] [id=31420]
  0x00000259291adfa0 ConcurrentGCThread "G1 Refine#0" [stack: 0x0000008622900000,0x0000008622a00000] [id=32728]
  0x00000259291ae8e0 ConcurrentGCThread "G1 Service" [stack: 0x0000008622a00000,0x0000008622b00000] [id=32732]

Threads with active compile tasks:
C2 CompilerThread0     8345 1260   !   4       sun.java2d.SunGraphics2D::drawImage (150 bytes)

VM state: not at safepoint (normal execution)

VM Mutex/Monitor currently owned by a thread: None

Heap address: 0x00000000a2200000, size: 1502 MB, Compressed Oops mode: 32-bit

CDS archive(s) not mapped
Compressed class space mapped at: 0x0000000100000000-0x0000000140000000, reserved size: 1073741824
Narrow klass base: 0x0000000000000000, Narrow klass shift: 3, Narrow klass range: 0x140000000

GC Precious Log:
 CPUs: 12 total, 12 available
 Memory: 6005M
 Large Page Support: Disabled
 NUMA Support: Disabled
 Compressed Oops: Enabled (32-bit)
 Heap Region Size: 1M
 Heap Min Capacity: 8M
 Heap Initial Capacity: 94M
 Heap Max Capacity: 1502M
 Pre-touch: Disabled
 Parallel Workers: 10
 Concurrent Workers: 3
 Concurrent Refinement Workers: 10
 Periodic GC: Disabled

Heap:
 garbage-first heap   total 153600K, used 102636K [0x00000000a2200000, 0x0000000100000000)
  region size 1024K, 16 young (16384K), 1 survivors (1024K)
 Metaspace       used 15624K, committed 15744K, reserved 1114112K
  class space    used 1549K, committed 1600K, reserved 1048576K

Heap Regions: E=young(eden), S=young(survivor), O=old, HS=humongous(starts), HC=humongous(continues), CS=collection set, F=free, OA=open archive, CA=closed archive, TAMS=top-at-mark-start (previous, next)
|   0|0x00000000a2200000, 0x00000000a2300000, 0x00000000a2300000|100%|HS|  |TAMS 0x00000000a2300000, 0x00000000a2200000| Complete 
|   1|0x00000000a2300000, 0x00000000a2400000, 0x00000000a2400000|100%|HC|  |TAMS 0x00000000a2400000, 0x00000000a2300000| Complete 
|   2|0x00000000a2400000, 0x00000000a2500000, 0x00000000a2500000|100%|HC|  |TAMS 0x00000000a2500000, 0x00000000a2400000| Complete 
|   3|0x00000000a2500000, 0x00000000a2600000, 0x00000000a2600000|100%|HS|  |TAMS 0x00000000a2600000, 0x00000000a2500000| Complete 
|   4|0x00000000a2600000, 0x00000000a2700000, 0x00000000a2700000|100%|HC|  |TAMS 0x00000000a2700000, 0x00000000a2600000| Complete 
|   5|0x00000000a2700000, 0x00000000a2800000, 0x00000000a2800000|100%|HS|  |TAMS 0x00000000a2800000, 0x00000000a2700000| Complete 
|   6|0x00000000a2800000, 0x00000000a2900000, 0x00000000a2900000|100%|HC|  |TAMS 0x00000000a2900000, 0x00000000a2800000| Complete 
|   7|0x00000000a2900000, 0x00000000a2a00000, 0x00000000a2a00000|100%|HC|  |TAMS 0x00000000a2a00000, 0x00000000a2900000| Complete 
|   8|0x00000000a2a00000, 0x00000000a2b00000, 0x00000000a2b00000|100%|HC|  |TAMS 0x00000000a2b00000, 0x00000000a2a00000| Complete 
|   9|0x00000000a2b00000, 0x00000000a2c00000, 0x00000000a2c00000|100%|HC|  |TAMS 0x00000000a2c00000, 0x00000000a2b00000| Complete 
|  10|0x00000000a2c00000, 0x00000000a2d00000, 0x00000000a2d00000|100%|HS|  |TAMS 0x00000000a2d00000, 0x00000000a2c00000| Complete 
|  11|0x00000000a2d00000, 0x00000000a2e00000, 0x00000000a2e00000|100%|HC|  |TAMS 0x00000000a2e00000, 0x00000000a2d00000| Complete 
|  12|0x00000000a2e00000, 0x00000000a2f00000, 0x00000000a2f00000|100%|HC|  |TAMS 0x00000000a2f00000, 0x00000000a2e00000| Complete 
|  13|0x00000000a2f00000, 0x00000000a3000000, 0x00000000a3000000|100%|HS|  |TAMS 0x00000000a3000000, 0x00000000a2f00000| Complete 
|  14|0x00000000a3000000, 0x00000000a3100000, 0x00000000a3100000|100%|HC|  |TAMS 0x00000000a3100000, 0x00000000a3000000| Complete 
|  15|0x00000000a3100000, 0x00000000a3200000, 0x00000000a3200000|100%|HC|  |TAMS 0x00000000a3200000, 0x00000000a3100000| Complete 
|  16|0x00000000a3200000, 0x00000000a3300000, 0x00000000a3300000|100%|HC|  |TAMS 0x00000000a3300000, 0x00000000a3200000| Complete 
|  17|0x00000000a3300000, 0x00000000a3400000, 0x00000000a3400000|100%| O|  |TAMS 0x00000000a3400000, 0x00000000a3300000| Untracked 
|  18|0x00000000a3400000, 0x00000000a3500000, 0x00000000a3500000|100%| O|  |TAMS 0x00000000a3500000, 0x00000000a3400000| Untracked 
|  19|0x00000000a3500000, 0x00000000a3600000, 0x00000000a3600000|100%| O|  |TAMS 0x00000000a3600000, 0x00000000a3500000| Untracked 
|  20|0x00000000a3600000, 0x00000000a3626e00, 0x00000000a3700000| 15%| O|  |TAMS 0x00000000a3626e00, 0x00000000a3600000| Untracked 
|  21|0x00000000a3700000, 0x00000000a3700000, 0x00000000a3800000|  0%| F|  |TAMS 0x00000000a3700000, 0x00000000a3700000| Untracked 
|  22|0x00000000a3800000, 0x00000000a3800000, 0x00000000a3900000|  0%| F|  |TAMS 0x00000000a3800000, 0x00000000a3800000| Untracked 
|  23|0x00000000a3900000, 0x00000000a3900000, 0x00000000a3a00000|  0%| F|  |TAMS 0x00000000a3900000, 0x00000000a3900000| Untracked 
|  24|0x00000000a3a00000, 0x00000000a3a00000, 0x00000000a3b00000|  0%| F|  |TAMS 0x00000000a3a00000, 0x00000000a3a00000| Untracked 
|  25|0x00000000a3b00000, 0x00000000a3b00000, 0x00000000a3c00000|  0%| F|  |TAMS 0x00000000a3b00000, 0x00000000a3b00000| Untracked 
|  26|0x00000000a3c00000, 0x00000000a3c00000, 0x00000000a3d00000|  0%| F|  |TAMS 0x00000000a3c00000, 0x00000000a3c00000| Untracked 
|  27|0x00000000a3d00000, 0x00000000a3d00000, 0x00000000a3e00000|  0%| F|  |TAMS 0x00000000a3d00000, 0x00000000a3d00000| Untracked 
|  28|0x00000000a3e00000, 0x00000000a3e00000, 0x00000000a3f00000|  0%| F|  |TAMS 0x00000000a3e00000, 0x00000000a3e00000| Untracked 
|  29|0x00000000a3f00000, 0x00000000a3f00000, 0x00000000a4000000|  0%| F|  |TAMS 0x00000000a3f00000, 0x00000000a3f00000| Untracked 
|  30|0x00000000a4000000, 0x00000000a4000000, 0x00000000a4100000|  0%| F|  |TAMS 0x00000000a4000000, 0x00000000a4000000| Untracked 
|  31|0x00000000a4100000, 0x00000000a4100000, 0x00000000a4200000|  0%| F|  |TAMS 0x00000000a4100000, 0x00000000a4100000| Untracked 
|  32|0x00000000a4200000, 0x00000000a4200000, 0x00000000a4300000|  0%| F|  |TAMS 0x00000000a4200000, 0x00000000a4200000| Untracked 
|  33|0x00000000a4300000, 0x00000000a4300000, 0x00000000a4400000|  0%| F|  |TAMS 0x00000000a4300000, 0x00000000a4300000| Untracked 
|  34|0x00000000a4400000, 0x00000000a4400000, 0x00000000a4500000|  0%| F|  |TAMS 0x00000000a4400000, 0x00000000a4400000| Untracked 
|  35|0x00000000a4500000, 0x00000000a4500000, 0x00000000a4600000|  0%| F|  |TAMS 0x00000000a4500000, 0x00000000a4500000| Untracked 
|  36|0x00000000a4600000, 0x00000000a4600000, 0x00000000a4700000|  0%| F|  |TAMS 0x00000000a4600000, 0x00000000a4600000| Untracked 
|  37|0x00000000a4700000, 0x00000000a4700000, 0x00000000a4800000|  0%| F|  |TAMS 0x00000000a4700000, 0x00000000a4700000| Untracked 
|  38|0x00000000a4800000, 0x00000000a4800000, 0x00000000a4900000|  0%| F|  |TAMS 0x00000000a4800000, 0x00000000a4800000| Untracked 
|  39|0x00000000a4900000, 0x00000000a4900000, 0x00000000a4a00000|  0%| F|  |TAMS 0x00000000a4900000, 0x00000000a4900000| Untracked 
|  40|0x00000000a4a00000, 0x00000000a4a00000, 0x00000000a4b00000|  0%| F|  |TAMS 0x00000000a4a00000, 0x00000000a4a00000| Untracked 
|  41|0x00000000a4b00000, 0x00000000a4b00000, 0x00000000a4c00000|  0%| F|  |TAMS 0x00000000a4b00000, 0x00000000a4b00000| Untracked 
|  42|0x00000000a4c00000, 0x00000000a4c00000, 0x00000000a4d00000|  0%| F|  |TAMS 0x00000000a4c00000, 0x00000000a4c00000| Untracked 
|  43|0x00000000a4d00000, 0x00000000a4d00000, 0x00000000a4e00000|  0%| F|  |TAMS 0x00000000a4d00000, 0x00000000a4d00000| Untracked 
|  44|0x00000000a4e00000, 0x00000000a4e00000, 0x00000000a4f00000|  0%| F|  |TAMS 0x00000000a4e00000, 0x00000000a4e00000| Untracked 
|  45|0x00000000a4f00000, 0x00000000a4f14400, 0x00000000a5000000|  7%| S|CS|TAMS 0x00000000a4f00000, 0x00000000a4f00000| Complete 
|  46|0x00000000a5000000, 0x00000000a5000000, 0x00000000a5100000|  0%| F|  |TAMS 0x00000000a5000000, 0x00000000a5000000| Untracked 
|  47|0x00000000a5100000, 0x00000000a5100000, 0x00000000a5200000|  0%| F|  |TAMS 0x00000000a5100000, 0x00000000a5100000| Untracked 
|  48|0x00000000a5200000, 0x00000000a5200000, 0x00000000a5300000|  0%| F|  |TAMS 0x00000000a5200000, 0x00000000a5200000| Untracked 
|  49|0x00000000a5300000, 0x00000000a5300000, 0x00000000a5400000|  0%| F|  |TAMS 0x00000000a5300000, 0x00000000a5300000| Untracked 
|  50|0x00000000a5400000, 0x00000000a5400000, 0x00000000a5500000|  0%| F|  |TAMS 0x00000000a5400000, 0x00000000a5400000| Untracked 
|  51|0x00000000a5500000, 0x00000000a5500000, 0x00000000a5600000|  0%| F|  |TAMS 0x00000000a5500000, 0x00000000a5500000| Untracked 
|  52|0x00000000a5600000, 0x00000000a5600000, 0x00000000a5700000|  0%| F|  |TAMS 0x00000000a5600000, 0x00000000a5600000| Untracked 
|  53|0x00000000a5700000, 0x00000000a5700000, 0x00000000a5800000|  0%| F|  |TAMS 0x00000000a5700000, 0x00000000a5700000| Untracked 
|  54|0x00000000a5800000, 0x00000000a5800000, 0x00000000a5900000|  0%| F|  |TAMS 0x00000000a5800000, 0x00000000a5800000| Untracked 
|  55|0x00000000a5900000, 0x00000000a5900000, 0x00000000a5a00000|  0%| F|  |TAMS 0x00000000a5900000, 0x00000000a5900000| Untracked 
|  56|0x00000000a5a00000, 0x00000000a5a00000, 0x00000000a5b00000|  0%| F|  |TAMS 0x00000000a5a00000, 0x00000000a5a00000| Untracked 
|  57|0x00000000a5b00000, 0x00000000a5b00000, 0x00000000a5c00000|  0%| F|  |TAMS 0x00000000a5b00000, 0x00000000a5b00000| Untracked 
|  58|0x00000000a5c00000, 0x00000000a5c00000, 0x00000000a5d00000|  0%| F|  |TAMS 0x00000000a5c00000, 0x00000000a5c00000| Untracked 
|  59|0x00000000a5d00000, 0x00000000a5d00000, 0x00000000a5e00000|  0%| F|  |TAMS 0x00000000a5d00000, 0x00000000a5d00000| Untracked 
|  60|0x00000000a5e00000, 0x00000000a5e00000, 0x00000000a5f00000|  0%| F|  |TAMS 0x00000000a5e00000, 0x00000000a5e00000| Untracked 
|  61|0x00000000a5f00000, 0x00000000a5f00000, 0x00000000a6000000|  0%| F|  |TAMS 0x00000000a5f00000, 0x00000000a5f00000| Untracked 
|  62|0x00000000a6000000, 0x00000000a6000000, 0x00000000a6100000|  0%| F|  |TAMS 0x00000000a6000000, 0x00000000a6000000| Untracked 
|  63|0x00000000a6100000, 0x00000000a6100000, 0x00000000a6200000|  0%| F|  |TAMS 0x00000000a6100000, 0x00000000a6100000| Untracked 
|  64|0x00000000a6200000, 0x00000000a6200000, 0x00000000a6300000|  0%| F|  |TAMS 0x00000000a6200000, 0x00000000a6200000| Untracked 
|  65|0x00000000a6300000, 0x00000000a6300000, 0x00000000a6400000|  0%| F|  |TAMS 0x00000000a6300000, 0x00000000a6300000| Untracked 
|  66|0x00000000a6400000, 0x00000000a6400000, 0x00000000a6500000|  0%| F|  |TAMS 0x00000000a6400000, 0x00000000a6400000| Untracked 
|  67|0x00000000a6500000, 0x00000000a6500000, 0x00000000a6600000|  0%| F|  |TAMS 0x00000000a6500000, 0x00000000a6500000| Untracked 
|  68|0x00000000a6600000, 0x00000000a66ced00, 0x00000000a6700000| 80%| E|  |TAMS 0x00000000a6600000, 0x00000000a6600000| Complete 
|  69|0x00000000a6700000, 0x00000000a6800000, 0x00000000a6800000|100%| E|CS|TAMS 0x00000000a6700000, 0x00000000a6700000| Complete 
|  70|0x00000000a6800000, 0x00000000a6900000, 0x00000000a6900000|100%| E|CS|TAMS 0x00000000a6800000, 0x00000000a6800000| Complete 
|  71|0x00000000a6900000, 0x00000000a6a00000, 0x00000000a6a00000|100%| E|CS|TAMS 0x00000000a6900000, 0x00000000a6900000| Complete 
|  72|0x00000000a6a00000, 0x00000000a6b00000, 0x00000000a6b00000|100%| E|CS|TAMS 0x00000000a6a00000, 0x00000000a6a00000| Complete 
|  73|0x00000000a6b00000, 0x00000000a6c00000, 0x00000000a6c00000|100%| E|  |TAMS 0x00000000a6b00000, 0x00000000a6b00000| Complete 
|  74|0x00000000a6c00000, 0x00000000a6d00000, 0x00000000a6d00000|100%| E|CS|TAMS 0x00000000a6c00000, 0x00000000a6c00000| Complete 
|  75|0x00000000a6d00000, 0x00000000a6e00000, 0x00000000a6e00000|100%|HS|  |TAMS 0x00000000a6e00000, 0x00000000a6d00000| Complete 
|  76|0x00000000a6e00000, 0x00000000a6f00000, 0x00000000a6f00000|100%|HC|  |TAMS 0x00000000a6f00000, 0x00000000a6e00000| Complete 
|  77|0x00000000a6f00000, 0x00000000a7000000, 0x00000000a7000000|100%|HC|  |TAMS 0x00000000a7000000, 0x00000000a6f00000| Complete 
|  78|0x00000000a7000000, 0x00000000a7100000, 0x00000000a7100000|100%|HC|  |TAMS 0x00000000a7100000, 0x00000000a7000000| Complete 
|  79|0x00000000a7100000, 0x00000000a7200000, 0x00000000a7200000|100%|HC|  |TAMS 0x00000000a7200000, 0x00000000a7100000| Complete 
|  80|0x00000000a7200000, 0x00000000a7300000, 0x00000000a7300000|100%|HC|  |TAMS 0x00000000a7300000, 0x00000000a7200000| Complete 
|  81|0x00000000a7300000, 0x00000000a7400000, 0x00000000a7400000|100%|HC|  |TAMS 0x00000000a7400000, 0x00000000a7300000| Complete 
|  82|0x00000000a7400000, 0x00000000a7500000, 0x00000000a7500000|100%|HC|  |TAMS 0x00000000a7500000, 0x00000000a7400000| Complete 
|  83|0x00000000a7500000, 0x00000000a7600000, 0x00000000a7600000|100%|HC|  |TAMS 0x00000000a7600000, 0x00000000a7500000| Complete 
|  84|0x00000000a7600000, 0x00000000a7700000, 0x00000000a7700000|100%|HC|  |TAMS 0x00000000a7700000, 0x00000000a7600000| Complete 
|  85|0x00000000a7700000, 0x00000000a7800000, 0x00000000a7800000|100%|HC|  |TAMS 0x00000000a7800000, 0x00000000a7700000| Complete 
|  86|0x00000000a7800000, 0x00000000a7900000, 0x00000000a7900000|100%|HC|  |TAMS 0x00000000a7900000, 0x00000000a7800000| Complete 
|  87|0x00000000a7900000, 0x00000000a7a00000, 0x00000000a7a00000|100%|HC|  |TAMS 0x00000000a7a00000, 0x00000000a7900000| Complete 
|  88|0x00000000a7a00000, 0x00000000a7b00000, 0x00000000a7b00000|100%|HC|  |TAMS 0x00000000a7b00000, 0x00000000a7a00000| Complete 
|  89|0x00000000a7b00000, 0x00000000a7c00000, 0x00000000a7c00000|100%|HC|  |TAMS 0x00000000a7c00000, 0x00000000a7b00000| Complete 
|  90|0x00000000a7c00000, 0x00000000a7d00000, 0x00000000a7d00000|100%|HC|  |TAMS 0x00000000a7d00000, 0x00000000a7c00000| Complete 
|  91|0x00000000a7d00000, 0x00000000a7e00000, 0x00000000a7e00000|100%|HC|  |TAMS 0x00000000a7e00000, 0x00000000a7d00000| Complete 
|  92|0x00000000a7e00000, 0x00000000a7f00000, 0x00000000a7f00000|100%|HC|  |TAMS 0x00000000a7f00000, 0x00000000a7e00000| Complete 
|  93|0x00000000a7f00000, 0x00000000a8000000, 0x00000000a8000000|100%|HC|  |TAMS 0x00000000a8000000, 0x00000000a7f00000| Complete 
|  94|0x00000000a8000000, 0x00000000a8100000, 0x00000000a8100000|100%|HC|  |TAMS 0x00000000a8100000, 0x00000000a8000000| Complete 
|  95|0x00000000a8100000, 0x00000000a8200000, 0x00000000a8200000|100%|HC|  |TAMS 0x00000000a8200000, 0x00000000a8100000| Complete 
|  96|0x00000000a8200000, 0x00000000a8300000, 0x00000000a8300000|100%|HC|  |TAMS 0x00000000a8300000, 0x00000000a8200000| Complete 
|  97|0x00000000a8300000, 0x00000000a8400000, 0x00000000a8400000|100%|HC|  |TAMS 0x00000000a8400000, 0x00000000a8300000| Complete 
|  98|0x00000000a8400000, 0x00000000a8500000, 0x00000000a8500000|100%|HC|  |TAMS 0x00000000a8500000, 0x00000000a8400000| Complete 
|  99|0x00000000a8500000, 0x00000000a8600000, 0x00000000a8600000|100%|HC|  |TAMS 0x00000000a8600000, 0x00000000a8500000| Complete 
| 100|0x00000000a8600000, 0x00000000a8700000, 0x00000000a8700000|100%|HC|  |TAMS 0x00000000a8700000, 0x00000000a8600000| Complete 
| 101|0x00000000a8700000, 0x00000000a8800000, 0x00000000a8800000|100%|HC|  |TAMS 0x00000000a8800000, 0x00000000a8700000| Complete 
| 102|0x00000000a8800000, 0x00000000a8900000, 0x00000000a8900000|100%|HC|  |TAMS 0x00000000a8900000, 0x00000000a8800000| Complete 
| 103|0x00000000a8900000, 0x00000000a8a00000, 0x00000000a8a00000|100%|HC|  |TAMS 0x00000000a8a00000, 0x00000000a8900000| Complete 
| 104|0x00000000a8a00000, 0x00000000a8b00000, 0x00000000a8b00000|100%|HC|  |TAMS 0x00000000a8b00000, 0x00000000a8a00000| Complete 
| 105|0x00000000a8b00000, 0x00000000a8c00000, 0x00000000a8c00000|100%|HC|  |TAMS 0x00000000a8c00000, 0x00000000a8b00000| Complete 
| 106|0x00000000a8c00000, 0x00000000a8d00000, 0x00000000a8d00000|100%|HC|  |TAMS 0x00000000a8d00000, 0x00000000a8c00000| Complete 
| 107|0x00000000a8d00000, 0x00000000a8e00000, 0x00000000a8e00000|100%|HC|  |TAMS 0x00000000a8e00000, 0x00000000a8d00000| Complete 
| 108|0x00000000a8e00000, 0x00000000a8f00000, 0x00000000a8f00000|100%|HC|  |TAMS 0x00000000a8f00000, 0x00000000a8e00000| Complete 
| 109|0x00000000a8f00000, 0x00000000a9000000, 0x00000000a9000000|100%|HC|  |TAMS 0x00000000a9000000, 0x00000000a8f00000| Complete 
| 110|0x00000000a9000000, 0x00000000a9100000, 0x00000000a9100000|100%|HC|  |TAMS 0x00000000a9100000, 0x00000000a9000000| Complete 
| 111|0x00000000a9100000, 0x00000000a9200000, 0x00000000a9200000|100%|HC|  |TAMS 0x00000000a9200000, 0x00000000a9100000| Complete 
| 112|0x00000000a9200000, 0x00000000a9300000, 0x00000000a9300000|100%|HC|  |TAMS 0x00000000a9300000, 0x00000000a9200000| Complete 
| 113|0x00000000a9300000, 0x00000000a9400000, 0x00000000a9400000|100%|HC|  |TAMS 0x00000000a9400000, 0x00000000a9300000| Complete 
| 114|0x00000000a9400000, 0x00000000a9500000, 0x00000000a9500000|100%|HC|  |TAMS 0x00000000a9500000, 0x00000000a9400000| Complete 
| 115|0x00000000a9500000, 0x00000000a9600000, 0x00000000a9600000|100%|HC|  |TAMS 0x00000000a9600000, 0x00000000a9500000| Complete 
| 116|0x00000000a9600000, 0x00000000a9700000, 0x00000000a9700000|100%|HC|  |TAMS 0x00000000a9700000, 0x00000000a9600000| Complete 
| 117|0x00000000a9700000, 0x00000000a9800000, 0x00000000a9800000|100%|HC|  |TAMS 0x00000000a9800000, 0x00000000a9700000| Complete 
| 118|0x00000000a9800000, 0x00000000a9900000, 0x00000000a9900000|100%|HC|  |TAMS 0x00000000a9900000, 0x00000000a9800000| Complete 
| 119|0x00000000a9900000, 0x00000000a9a00000, 0x00000000a9a00000|100%|HC|  |TAMS 0x00000000a9a00000, 0x00000000a9900000| Complete 
| 120|0x00000000a9a00000, 0x00000000a9b00000, 0x00000000a9b00000|100%|HC|  |TAMS 0x00000000a9b00000, 0x00000000a9a00000| Complete 
| 121|0x00000000a9b00000, 0x00000000a9c00000, 0x00000000a9c00000|100%|HC|  |TAMS 0x00000000a9c00000, 0x00000000a9b00000| Complete 
| 122|0x00000000a9c00000, 0x00000000a9d00000, 0x00000000a9d00000|100%|HC|  |TAMS 0x00000000a9d00000, 0x00000000a9c00000| Complete 
| 123|0x00000000a9d00000, 0x00000000a9e00000, 0x00000000a9e00000|100%|HC|  |TAMS 0x00000000a9e00000, 0x00000000a9d00000| Complete 
| 124|0x00000000a9e00000, 0x00000000a9f00000, 0x00000000a9f00000|100%|HC|  |TAMS 0x00000000a9f00000, 0x00000000a9e00000| Complete 
| 125|0x00000000a9f00000, 0x00000000aa000000, 0x00000000aa000000|100%|HC|  |TAMS 0x00000000aa000000, 0x00000000a9f00000| Complete 
| 126|0x00000000aa000000, 0x00000000aa100000, 0x00000000aa100000|100%|HC|  |TAMS 0x00000000aa100000, 0x00000000aa000000| Complete 
| 127|0x00000000aa100000, 0x00000000aa200000, 0x00000000aa200000|100%|HC|  |TAMS 0x00000000aa200000, 0x00000000aa100000| Complete 
| 128|0x00000000aa200000, 0x00000000aa300000, 0x00000000aa300000|100%|HC|  |TAMS 0x00000000aa300000, 0x00000000aa200000| Complete 
| 129|0x00000000aa300000, 0x00000000aa400000, 0x00000000aa400000|100%|HC|  |TAMS 0x00000000aa400000, 0x00000000aa300000| Complete 
| 130|0x00000000aa400000, 0x00000000aa500000, 0x00000000aa500000|100%|HC|  |TAMS 0x00000000aa500000, 0x00000000aa400000| Complete 
| 131|0x00000000aa500000, 0x00000000aa600000, 0x00000000aa600000|100%|HC|  |TAMS 0x00000000aa600000, 0x00000000aa500000| Complete 
| 132|0x00000000aa600000, 0x00000000aa700000, 0x00000000aa700000|100%|HC|  |TAMS 0x00000000aa700000, 0x00000000aa600000| Complete 
| 133|0x00000000aa700000, 0x00000000aa800000, 0x00000000aa800000|100%|HC|  |TAMS 0x00000000aa800000, 0x00000000aa700000| Complete 
| 134|0x00000000aa800000, 0x00000000aa900000, 0x00000000aa900000|100%|HC|  |TAMS 0x00000000aa900000, 0x00000000aa800000| Complete 
| 135|0x00000000aa900000, 0x00000000aaa00000, 0x00000000aaa00000|100%|HC|  |TAMS 0x00000000aaa00000, 0x00000000aa900000| Complete 
| 136|0x00000000aaa00000, 0x00000000aab00000, 0x00000000aab00000|100%|HC|  |TAMS 0x00000000aab00000, 0x00000000aaa00000| Complete 
| 137|0x00000000aab00000, 0x00000000aac00000, 0x00000000aac00000|100%|HC|  |TAMS 0x00000000aac00000, 0x00000000aab00000| Complete 
| 138|0x00000000aac00000, 0x00000000aad00000, 0x00000000aad00000|100%|HC|  |TAMS 0x00000000aad00000, 0x00000000aac00000| Complete 
| 139|0x00000000aad00000, 0x00000000aae00000, 0x00000000aae00000|100%|HC|  |TAMS 0x00000000aae00000, 0x00000000aad00000| Complete 
| 140|0x00000000aae00000, 0x00000000aaf00000, 0x00000000aaf00000|100%|HC|  |TAMS 0x00000000aaf00000, 0x00000000aae00000| Complete 
| 141|0x00000000aaf00000, 0x00000000ab000000, 0x00000000ab000000|100%|HC|  |TAMS 0x00000000ab000000, 0x00000000aaf00000| Complete 
| 142|0x00000000ab000000, 0x00000000ab100000, 0x00000000ab100000|100%| E|CS|TAMS 0x00000000ab000000, 0x00000000ab000000| Complete 
| 143|0x00000000ab100000, 0x00000000ab200000, 0x00000000ab200000|100%| E|CS|TAMS 0x00000000ab100000, 0x00000000ab100000| Complete 
| 144|0x00000000ab200000, 0x00000000ab300000, 0x00000000ab300000|100%| E|CS|TAMS 0x00000000ab200000, 0x00000000ab200000| Complete 
| 145|0x00000000ab300000, 0x00000000ab400000, 0x00000000ab400000|100%| E|CS|TAMS 0x00000000ab300000, 0x00000000ab300000| Complete 
| 146|0x00000000ab400000, 0x00000000ab500000, 0x00000000ab500000|100%| E|CS|TAMS 0x00000000ab400000, 0x00000000ab400000| Complete 
| 147|0x00000000ab500000, 0x00000000ab600000, 0x00000000ab600000|100%| E|CS|TAMS 0x00000000ab500000, 0x00000000ab500000| Complete 
| 148|0x00000000ab600000, 0x00000000ab700000, 0x00000000ab700000|100%| E|CS|TAMS 0x00000000ab600000, 0x00000000ab600000| Complete 
| 149|0x00000000ab700000, 0x00000000ab800000, 0x00000000ab800000|100%| E|CS|TAMS 0x00000000ab700000, 0x00000000ab700000| Complete 

Card table byte_map: [0x000002593bff0000,0x000002593c2e0000] _byte_map_base: 0x000002593badf000

Marking Bits (Prev, Next): (CMBitMap*) 0x0000025929149280, (CMBitMap*) 0x0000025929149240
 Prev Bits: [0x000002593dd50000, 0x000002593f4c8000)
 Next Bits: [0x000002593c5d0000, 0x000002593dd48000)

Polling page: 0x0000025927080000

Metaspace:

Usage:
  Non-class:     13.75 MB used.
      Class:      1.51 MB used.
       Both:     15.26 MB used.

Virtual space:
  Non-class space:       64.00 MB reserved,      13.81 MB ( 22%) committed,  1 nodes.
      Class space:        1.00 GB reserved,       1.56 MB ( <1%) committed,  1 nodes.
             Both:        1.06 GB reserved,      15.38 MB (  1%) committed. 

Chunk freelists:
   Non-Class:  2.20 MB
       Class:  14.25 MB
        Both:  16.45 MB

MaxMetaspaceSize: unlimited
CompressedClassSpaceSize: 1.00 GB
Initial GC threshold: 21.00 MB
Current GC threshold: 24.38 MB
CDS: off
MetaspaceReclaimPolicy: balanced
 - commit_granule_bytes: 65536.
 - commit_granule_words: 8192.
 - virtual_space_node_default_size: 8388608.
 - enlarge_chunks_in_place: 1.
 - new_chunks_are_fully_committed: 0.
 - uncommit_free_chunks: 1.
 - use_allocation_guard: 0.
 - handle_deallocations: 1.


Internal statistics:

num_allocs_failed_limit: 0.
num_arena_births: 118.
num_arena_deaths: 0.
num_vsnodes_births: 2.
num_vsnodes_deaths: 0.
num_space_committed: 246.
num_space_uncommitted: 0.
num_chunks_returned_to_freelist: 0.
num_chunks_taken_from_freelist: 199.
num_chunk_merges: 0.
num_chunk_splits: 100.
num_chunks_enlarged: 36.
num_inconsistent_stats: 0.

CodeHeap 'non-profiled nmethods': size=120000Kb used=640Kb max_used=640Kb free=119359Kb
 bounds [0x0000025934280000, 0x00000259344f0000, 0x000002593b7b0000]
CodeHeap 'profiled nmethods': size=120000Kb used=2175Kb max_used=2175Kb free=117824Kb
 bounds [0x000002592c7b0000, 0x000002592ca20000, 0x0000025933ce0000]
CodeHeap 'non-nmethods': size=5760Kb used=1290Kb max_used=1331Kb free=4469Kb
 bounds [0x0000025933ce0000, 0x0000025933f50000, 0x0000025934280000]
 total_blobs=1903 nmethods=1281 adapters=535
 compilation: enabled
              stopped_count=0, restarted_count=0
 full_count=0

Compilation events (20 events):
Event: 8.148 Thread 0x00000259422aba60 1270       3       java.awt.EventQueue$2::wakeup (6 bytes)
Event: 8.148 Thread 0x00000259422aba60 nmethod 1270 0x000002592c9cb990 code [0x000002592c9cbb40, 0x000002592c9cbc88]
Event: 8.148 Thread 0x00000259422aba60 1271   !   3       java.awt.EventQueue::wakeup (79 bytes)
Event: 8.148 Thread 0x00000259422aba60 nmethod 1271 0x000002592c9cbd90 code [0x000002592c9cbfe0, 0x000002592c9cc7b8]
Event: 8.151 Thread 0x00000259422aba60 1273       3       java.awt.geom.AffineTransform::<init> (15 bytes)
Event: 8.151 Thread 0x00000259422aba60 nmethod 1273 0x000002592c9ccb90 code [0x000002592c9ccd20, 0x000002592c9cce98]
Event: 8.151 Thread 0x00000259422aba60 1274       1       java.awt.Font::hasLayoutAttributes (5 bytes)
Event: 8.151 Thread 0x00000259422aba60 nmethod 1274 0x000002593431f110 code [0x000002593431f2a0, 0x000002593431f378]
Event: 8.187 Thread 0x00000259422aba60 1275       3       javax.swing.JComponent::repaint (19 bytes)
Event: 8.188 Thread 0x00000259422aba60 nmethod 1275 0x000002592c9ccf90 code [0x000002592c9cd180, 0x000002592c9cd718]
Event: 8.188 Thread 0x00000259422aba60 1276       3       javax.swing.RepaintManager::addDirtyRegion (37 bytes)
Event: 8.188 Thread 0x00000259422aba60 nmethod 1276 0x000002592c9cda10 code [0x000002592c9cdbe0, 0x000002592c9cdee8]
Event: 8.232 Thread 0x00000259422aba60 1279       3       sun.java2d.pipe.Region::getIntersectionXYXY (108 bytes)
Event: 8.233 Thread 0x00000259422aba60 nmethod 1279 0x000002592c9ce090 code [0x000002592c9ce2e0, 0x000002592c9ceb58]
Event: 8.233 Thread 0x00000259422aba60 1280       3       sun.java2d.pipe.Region::isInsideXYXY (39 bytes)
Event: 8.233 Thread 0x00000259422aba60 nmethod 1280 0x000002592c9cee90 code [0x000002592c9cf020, 0x000002592c9cf238]
Event: 8.276 Thread 0x00000259422aba60 1281       1       javax.swing.JComponent::isPaintingOrigin (2 bytes)
Event: 8.276 Thread 0x00000259422aba60 nmethod 1281 0x000002593431f410 code [0x000002593431f5a0, 0x000002593431f678]
Event: 8.277 Thread 0x00000259422aba60 1282       1       java.awt.Font::getStyle (5 bytes)
Event: 8.277 Thread 0x00000259422aba60 nmethod 1282 0x000002593431f710 code [0x000002593431f8a0, 0x000002593431f978]

GC Heap History (6 events):
Event: 3.499 GC heap before
{Heap before GC invocations=0 (full 0):
 garbage-first heap   total 96256K, used 35840K [0x00000000a2200000, 0x0000000100000000)
  region size 1024K, 19 young (19456K), 0 survivors (0K)
 Metaspace       used 14815K, committed 14976K, reserved 1114112K
  class space    used 1489K, committed 1536K, reserved 1048576K
}
Event: 3.510 GC heap after
{Heap after GC invocations=1 (full 0):
 garbage-first heap   total 96256K, used 20692K [0x00000000a2200000, 0x0000000100000000)
  region size 1024K, 3 young (3072K), 3 survivors (3072K)
 Metaspace       used 14815K, committed 14976K, reserved 1114112K
  class space    used 1489K, committed 1536K, reserved 1048576K
}
Event: 3.719 GC heap before
{Heap before GC invocations=1 (full 0):
 garbage-first heap   total 145408K, used 116948K [0x00000000a2200000, 0x0000000100000000)
  region size 1024K, 31 young (31744K), 3 survivors (3072K)
 Metaspace       used 14817K, committed 14976K, reserved 1114112K
  class space    used 1489K, committed 1536K, reserved 1048576K
}
Event: 3.722 GC heap after
{Heap after GC invocations=2 (full 0):
 garbage-first heap   total 145408K, used 89405K [0x00000000a2200000, 0x0000000100000000)
  region size 1024K, 1 young (1024K), 1 survivors (1024K)
 Metaspace       used 14817K, committed 14976K, reserved 1114112K
  class space    used 1489K, committed 1536K, reserved 1048576K
}
Event: 3.893 GC heap before
{Heap before GC invocations=2 (full 0):
 garbage-first heap   total 145408K, used 119101K [0x00000000a2200000, 0x0000000100000000)
  region size 1024K, 30 young (30720K), 1 survivors (1024K)
 Metaspace       used 14817K, committed 14976K, reserved 1114112K
  class space    used 1489K, committed 1536K, reserved 1048576K
}
Event: 3.894 GC heap after
{Heap after GC invocations=3 (full 0):
 garbage-first heap   total 145408K, used 89324K [0x00000000a2200000, 0x0000000100000000)
  region size 1024K, 1 young (1024K), 1 survivors (1024K)
 Metaspace       used 14817K, committed 14976K, reserved 1114112K
  class space    used 1489K, committed 1536K, reserved 1048576K
}

Dll operation events (9 events):
Event: 0.010 Loaded shared library C:\Users\feby\.p2\pool\plugins\org.eclipse.justj.openjdk.hotspot.jre.full.win32.x86_64_17.0.8.v20230801-1951\jre\bin\java.dll
Event: 0.153 Loaded shared library C:\Users\feby\.p2\pool\plugins\org.eclipse.justj.openjdk.hotspot.jre.full.win32.x86_64_17.0.8.v20230801-1951\jre\bin\jimage.dll
Event: 0.202 Loaded shared library C:\Users\feby\.p2\pool\plugins\org.eclipse.justj.openjdk.hotspot.jre.full.win32.x86_64_17.0.8.v20230801-1951\jre\bin\awt.dll
Event: 0.558 Loaded shared library C:\Users\feby\.p2\pool\plugins\org.eclipse.justj.openjdk.hotspot.jre.full.win32.x86_64_17.0.8.v20230801-1951\jre\bin\jsound.dll
Event: 0.630 Loaded shared library C:\Users\feby\.p2\pool\plugins\org.eclipse.justj.openjdk.hotspot.jre.full.win32.x86_64_17.0.8.v20230801-1951\jre\bin\net.dll
Event: 0.633 Loaded shared library C:\Users\feby\.p2\pool\plugins\org.eclipse.justj.openjdk.hotspot.jre.full.win32.x86_64_17.0.8.v20230801-1951\jre\bin\nio.dll
Event: 0.696 Loaded shared library C:\Users\feby\.p2\pool\plugins\org.eclipse.justj.openjdk.hotspot.jre.full.win32.x86_64_17.0.8.v20230801-1951\jre\bin\zip.dll
Event: 1.019 Loaded shared library C:\Users\feby\.p2\pool\plugins\org.eclipse.justj.openjdk.hotspot.jre.full.win32.x86_64_17.0.8.v20230801-1951\jre\bin\freetype.dll
Event: 1.021 Loaded shared library C:\Users\feby\.p2\pool\plugins\org.eclipse.justj.openjdk.hotspot.jre.full.win32.x86_64_17.0.8.v20230801-1951\jre\bin\fontmanager.dll

Deoptimization events (20 events):
Event: 3.536 Thread 0x0000025942b57fd0 Uncommon trap: trap_request=0xffffffde fr.pc=0x00000259342e3374 relative=0x0000000000007354
Event: 3.536 Thread 0x0000025942b57fd0 Uncommon trap: reason=class_check action=maybe_recompile pc=0x00000259342e3374 method=java.io.BufferedInputStream.read1([BII)I @ 39 c2
Event: 3.536 Thread 0x0000025942b57fd0 DEOPT PACKING pc=0x00000259342e3374 sp=0x0000008624cfeec0
Event: 3.536 Thread 0x0000025942b57fd0 DEOPT UNPACKING pc=0x0000025933d369a3 sp=0x0000008624cfed58 mode 2
Event: 3.537 Thread 0x0000025942b57fd0 Uncommon trap: trap_request=0xffffffde fr.pc=0x00000259342e3374 relative=0x0000000000007354
Event: 3.537 Thread 0x0000025942b57fd0 Uncommon trap: reason=class_check action=maybe_recompile pc=0x00000259342e3374 method=java.io.BufferedInputStream.read1([BII)I @ 39 c2
Event: 3.537 Thread 0x0000025942b57fd0 DEOPT PACKING pc=0x00000259342e3374 sp=0x0000008624cfeec0
Event: 3.537 Thread 0x0000025942b57fd0 DEOPT UNPACKING pc=0x0000025933d369a3 sp=0x0000008624cfed58 mode 2
Event: 3.936 Thread 0x0000025942b57fd0 DEOPT PACKING pc=0x000002592c957e57 sp=0x0000008624cfed60
Event: 3.936 Thread 0x0000025942b57fd0 DEOPT UNPACKING pc=0x0000025933d37143 sp=0x0000008624cfe390 mode 0
Event: 3.971 Thread 0x0000025942b57fd0 Uncommon trap: trap_request=0xffffffe4 fr.pc=0x00000259342ba1c8 relative=0x0000000000001588
Event: 3.971 Thread 0x0000025942b57fd0 Uncommon trap: reason=range_check action=make_not_entrant pc=0x00000259342ba1c8 method=java.awt.image.DirectColorModel.setFields()V @ 6 c2
Event: 3.971 Thread 0x0000025942b57fd0 DEOPT PACKING pc=0x00000259342ba1c8 sp=0x0000008624cfed00
Event: 3.971 Thread 0x0000025942b57fd0 DEOPT UNPACKING pc=0x0000025933d369a3 sp=0x0000008624cfeb38 mode 2
Event: 3.974 Thread 0x0000025942b57fd0 DEOPT PACKING pc=0x000002592c94cb66 sp=0x0000008624cfee40
Event: 3.975 Thread 0x0000025942b57fd0 DEOPT UNPACKING pc=0x0000025933d37143 sp=0x0000008624cfe390 mode 0
Event: 3.996 Thread 0x000002594286b010 Uncommon trap: trap_request=0xffffff45 fr.pc=0x00000259342c475c relative=0x000000000000209c
Event: 3.996 Thread 0x000002594286b010 Uncommon trap: reason=unstable_if action=reinterpret pc=0x00000259342c475c method=java.lang.ref.SoftReference.get()Ljava/lang/Object; @ 17 c2
Event: 3.996 Thread 0x000002594286b010 DEOPT PACKING pc=0x00000259342c475c sp=0x0000008623bfdea0
Event: 3.996 Thread 0x000002594286b010 DEOPT UNPACKING pc=0x0000025933d369a3 sp=0x0000008623bfdc18 mode 2

Classes unloaded (0 events):
No events

Classes redefined (0 events):
No events

Internal exceptions (14 events):
Event: 0.184 Thread 0x00000259290facf0 Exception <a 'java/lang/ClassNotFoundException'{0x00000000a7e4a360}: sun/awt/resources/spi/awtProvider> (0x00000000a7e4a360) 
thrown [s\src\hotspot\share\classfile\systemDictionary.cpp, line 256]
Event: 0.227 Thread 0x00000259290facf0 Exception <a 'java/io/FileNotFoundException'{0x00000000a7ea40c8}> (0x00000000a7ea40c8) 
thrown [s\src\hotspot\share\prims\jni.cpp, line 516]
Event: 0.235 Thread 0x00000259290facf0 Exception <a 'java/io/FileNotFoundException'{0x00000000a7ed1040}> (0x00000000a7ed1040) 
thrown [s\src\hotspot\share\prims\jni.cpp, line 516]
Event: 0.281 Thread 0x00000259290facf0 Exception <a 'java/lang/NoSuchMethodError'{0x00000000a7d079d0}: 'java.lang.Object java.lang.invoke.DirectMethodHandle$Holder.invokeStaticInit(java.lang.Object)'> (0x00000000a7d079d0) 
thrown [s\src\hotspot\share\interpreter\linkResolver.cpp, line 759]
Event: 0.461 Thread 0x000002594286b010 Exception <a 'java/lang/NoSuchMethodError'{0x00000000a7c54db0}: 'void java.lang.invoke.DirectMethodHandle$Holder.invokeSpecial(java.lang.Object, java.lang.Object, java.lang.Object)'> (0x00000000a7c54db0) 
thrown [s\src\hotspot\share\interpreter\linkResolver.cpp, line 759]
Event: 0.473 Thread 0x000002594286b010 Exception <a 'java/lang/NoSuchMethodError'{0x00000000a7c7f1e0}: 'java.lang.Object java.lang.invoke.DirectMethodHandle$Holder.newInvokeSpecial(java.lang.Object, java.lang.Object, java.lang.Object, java.lang.Object, java.lang.Object)'> (0x00000000a7c7f1e0) 
thrown [s\src\hotspot\share\interpreter\linkResolver.cpp, line 759]
Event: 0.476 Thread 0x000002594286b010 Exception <a 'java/lang/NoSuchMethodError'{0x00000000a7c8aba8}: 'java.lang.Object java.lang.invoke.DirectMethodHandle$Holder.invokeStatic(java.lang.Object, int, java.lang.Object, java.lang.Object, java.lang.Object, java.lang.Object)'> (0x00000000a7c8aba8) 
thrown [s\src\hotspot\share\interpreter\linkResolver.cpp, line 759]
Event: 0.482 Thread 0x000002594286b010 Exception <a 'java/lang/NoSuchMethodError'{0x00000000a7cb03f0}: 'java.lang.Object java.lang.invoke.DirectMethodHandle$Holder.invokeStatic(java.lang.Object, int, java.lang.Object)'> (0x00000000a7cb03f0) 
thrown [s\src\hotspot\share\interpreter\linkResolver.cpp, line 759]
Event: 0.519 Thread 0x000002594286b010 Exception <a 'java/lang/ClassNotFoundException'{0x00000000a7b688d0}: com/sun/swing/internal/plaf/metal/resources/spi/metalProvider> (0x00000000a7b688d0) 
thrown [s\src\hotspot\share\classfile\systemDictionary.cpp, line 256]
Event: 0.522 Thread 0x000002594286b010 Exception <a 'java/lang/ClassNotFoundException'{0x00000000a7b6c758}: com/sun/swing/internal/plaf/basic/resources/spi/basicProvider> (0x00000000a7b6c758) 
thrown [s\src\hotspot\share\classfile\systemDictionary.cpp, line 256]
Event: 0.783 Thread 0x0000025942b57fd0 Exception <a 'java/lang/NoSuchMethodError'{0x00000000a7807390}: 'java.lang.Object java.lang.invoke.DirectMethodHandle$Holder.newInvokeSpecial(java.lang.Object, java.lang.Object, java.lang.Object, int, int, int, int, int)'> (0x00000000a7807390) 
thrown [s\src\hotspot\share\interpreter\linkResolver.cpp, line 759]
Event: 0.984 Thread 0x0000025942849dd0 Exception <a 'java/lang/NoSuchMethodError'{0x00000000a7d85d88}: 'void java.lang.invoke.DirectMethodHandle$Holder.invokeVirtual(java.lang.Object, java.lang.Object)'> (0x00000000a7d85d88) 
thrown [s\src\hotspot\share\interpreter\linkResolver.cpp, line 759]
Event: 1.012 Thread 0x000002594286b010 Exception <a 'java/lang/NoSuchMethodError'{0x00000000a7be9e70}: 'void java.lang.invoke.DirectMethodHandle$Holder.invokeStaticInit(java.lang.Object)'> (0x00000000a7be9e70) 
thrown [s\src\hotspot\share\interpreter\linkResolver.cpp, line 759]
Event: 2.054 Thread 0x0000025942b57fd0 Implicit null exception at 0x00000259342c6d25 to 0x00000259342c7e14

VM Operations (20 events):
Event: 3.498 Executing VM operation: G1TryInitiateConcMark
Event: 3.510 Executing VM operation: G1TryInitiateConcMark done
Event: 3.719 Executing VM operation: G1CollectForAllocation
Event: 3.722 Executing VM operation: G1CollectForAllocation done
Event: 3.893 Executing VM operation: G1CollectForAllocation
Event: 3.894 Executing VM operation: G1CollectForAllocation done
Event: 3.901 Executing VM operation: G1PauseRemark
Event: 3.903 Executing VM operation: G1PauseRemark done
Event: 3.904 Executing VM operation: G1PauseCleanup
Event: 3.905 Executing VM operation: G1PauseCleanup done
Event: 4.915 Executing VM operation: Cleanup
Event: 4.915 Executing VM operation: Cleanup done
Event: 5.927 Executing VM operation: Cleanup
Event: 5.927 Executing VM operation: Cleanup done
Event: 6.190 Executing VM operation: HandshakeAllThreads
Event: 6.190 Executing VM operation: HandshakeAllThreads done
Event: 7.204 Executing VM operation: Cleanup
Event: 7.204 Executing VM operation: Cleanup done
Event: 8.218 Executing VM operation: Cleanup
Event: 8.218 Executing VM operation: Cleanup done

Events (20 events):
Event: 6.186 loading class java/awt/font/TextLine$TextLineMetrics
Event: 6.186 loading class java/awt/font/TextLine$TextLineMetrics done
Event: 6.186 loading class sun/font/StandardGlyphVector$GlyphStrike
Event: 6.186 loading class sun/font/StandardGlyphVector$GlyphStrike done
Event: 6.187 loading class java/awt/geom/Path2D$Float$CopyIterator
Event: 6.187 loading class java/awt/geom/Path2D$Iterator
Event: 6.187 loading class java/awt/geom/PathIterator
Event: 6.187 loading class java/awt/geom/PathIterator done
Event: 6.187 loading class java/awt/geom/Path2D$Iterator done
Event: 6.187 loading class java/awt/geom/Path2D$Float$CopyIterator done
Event: 6.187 loading class sun/java2d/pipe/ShapeSpanIterator
Event: 6.187 loading class sun/java2d/pipe/SpanIterator
Event: 6.187 loading class sun/java2d/pipe/SpanIterator done
Event: 6.187 loading class sun/awt/geom/PathConsumer2D
Event: 6.188 loading class sun/awt/geom/PathConsumer2D done
Event: 6.188 loading class sun/java2d/pipe/ShapeSpanIterator done
Event: 6.188 loading class java/awt/geom/Path2D$Float$TxIterator
Event: 6.188 loading class java/awt/geom/Path2D$Float$TxIterator done
Event: 6.189 loading class sun/java2d/opengl/OGLRenderQueue
Event: 6.189 loading class sun/java2d/opengl/OGLRenderQueue done


Dynamic libraries:
0x00007ff781a00000 - 0x00007ff781a0e000 	C:\Users\feby\.p2\pool\plugins\org.eclipse.justj.openjdk.hotspot.jre.full.win32.x86_64_17.0.8.v20230801-1951\jre\bin\javaw.exe
0x00007ffddfd70000 - 0x00007ffddff87000 	C:\WINDOWS\SYSTEM32\ntdll.dll
0x00007ffdb5290000 - 0x00007ffdb52a9000 	C:\Program Files\Avast Software\Avast\aswhook.dll
0x00007ffdde210000 - 0x00007ffdde2d4000 	C:\WINDOWS\System32\KERNEL32.DLL
0x00007ffddd4e0000 - 0x00007ffddd885000 	C:\WINDOWS\System32\KERNELBASE.dll
0x00007ffddd930000 - 0x00007ffddda41000 	C:\WINDOWS\System32\ucrtbase.dll
0x00007ffdd3920000 - 0x00007ffdd3937000 	C:\Users\feby\.p2\pool\plugins\org.eclipse.justj.openjdk.hotspot.jre.full.win32.x86_64_17.0.8.v20230801-1951\jre\bin\jli.dll
0x00007ffdd3b60000 - 0x00007ffdd3b79000 	C:\Users\feby\.p2\pool\plugins\org.eclipse.justj.openjdk.hotspot.jre.full.win32.x86_64_17.0.8.v20230801-1951\jre\bin\VCRUNTIME140.dll
0x00007ffddf5e0000 - 0x00007ffddf78e000 	C:\WINDOWS\System32\USER32.dll
0x00007ffddd280000 - 0x00007ffddd2a6000 	C:\WINDOWS\System32\win32u.dll
0x00007ffdbb1b0000 - 0x00007ffdbb443000 	C:\WINDOWS\WinSxS\amd64_microsoft.windows.common-controls_6595b64144ccf1df_6.0.22621.2506_none_270c5ae97388e100\COMCTL32.dll
0x00007ffddf380000 - 0x00007ffddf3a9000 	C:\WINDOWS\System32\GDI32.dll
0x00007ffddd0e0000 - 0x00007ffddd1f9000 	C:\WINDOWS\System32\gdi32full.dll
0x00007ffddf120000 - 0x00007ffddf1c7000 	C:\WINDOWS\System32\msvcrt.dll
0x00007ffddd890000 - 0x00007ffddd92a000 	C:\WINDOWS\System32\msvcp_win.dll
0x00007ffdde1d0000 - 0x00007ffdde201000 	C:\WINDOWS\System32\IMM32.DLL
0x00007ffdd39a0000 - 0x00007ffdd39ac000 	C:\Users\feby\.p2\pool\plugins\org.eclipse.justj.openjdk.hotspot.jre.full.win32.x86_64_17.0.8.v20230801-1951\jre\bin\vcruntime140_1.dll
0x00007ffd9a5e0000 - 0x00007ffd9a671000 	C:\Users\feby\.p2\pool\plugins\org.eclipse.justj.openjdk.hotspot.jre.full.win32.x86_64_17.0.8.v20230801-1951\jre\bin\msvcp140.dll
0x00007ffd349f0000 - 0x00007ffd3563c000 	C:\Users\feby\.p2\pool\plugins\org.eclipse.justj.openjdk.hotspot.jre.full.win32.x86_64_17.0.8.v20230801-1951\jre\bin\server\jvm.dll
0x00007ffdde4c0000 - 0x00007ffdde571000 	C:\WINDOWS\System32\ADVAPI32.dll
0x00007ffddf250000 - 0x00007ffddf2f6000 	C:\WINDOWS\System32\sechost.dll
0x00007ffddf3b0000 - 0x00007ffddf4c7000 	C:\WINDOWS\System32\RPCRT4.dll
0x00007ffdcf010000 - 0x00007ffdcf019000 	C:\WINDOWS\SYSTEM32\WSOCK32.dll
0x00007ffddce00000 - 0x00007ffddce4d000 	C:\WINDOWS\SYSTEM32\POWRPROF.dll
0x00007ffdd5de0000 - 0x00007ffdd5dea000 	C:\WINDOWS\SYSTEM32\VERSION.dll
0x00007ffdd5e40000 - 0x00007ffdd5e74000 	C:\WINDOWS\SYSTEM32\WINMM.dll
0x00007ffdde2e0000 - 0x00007ffdde351000 	C:\WINDOWS\System32\WS2_32.dll
0x00007ffddcde0000 - 0x00007ffddcdf3000 	C:\WINDOWS\SYSTEM32\UMPDC.dll
0x00007ffddc050000 - 0x00007ffddc068000 	C:\WINDOWS\SYSTEM32\kernel.appcore.dll
0x00007ffdd9ff0000 - 0x00007ffdd9ffa000 	C:\Users\feby\.p2\pool\plugins\org.eclipse.justj.openjdk.hotspot.jre.full.win32.x86_64_17.0.8.v20230801-1951\jre\bin\jimage.dll
0x00007ffdda990000 - 0x00007ffddabc3000 	C:\WINDOWS\SYSTEM32\DBGHELP.DLL
0x00007ffdddc60000 - 0x00007ffdddfe9000 	C:\WINDOWS\System32\combase.dll
0x00007ffdde040000 - 0x00007ffdde117000 	C:\WINDOWS\System32\OLEAUT32.dll
0x00007ffdd3ce0000 - 0x00007ffdd3d12000 	C:\WINDOWS\SYSTEM32\dbgcore.DLL
0x00007ffddd200000 - 0x00007ffddd27a000 	C:\WINDOWS\System32\bcryptPrimitives.dll
0x00007ffdc6090000 - 0x00007ffdc60b5000 	C:\Users\feby\.p2\pool\plugins\org.eclipse.justj.openjdk.hotspot.jre.full.win32.x86_64_17.0.8.v20230801-1951\jre\bin\java.dll
0x00007ffdc79d0000 - 0x00007ffdc79e8000 	C:\Users\feby\.p2\pool\plugins\org.eclipse.justj.openjdk.hotspot.jre.full.win32.x86_64_17.0.8.v20230801-1951\jre\bin\zip.dll
0x00007ffdde890000 - 0x00007ffddf0e9000 	C:\WINDOWS\System32\SHELL32.dll
0x00007ffddafb0000 - 0x00007ffddb8a4000 	C:\WINDOWS\SYSTEM32\windows.storage.dll
0x00007ffddae70000 - 0x00007ffddafae000 	C:\WINDOWS\SYSTEM32\wintypes.dll
0x00007ffddf790000 - 0x00007ffddf883000 	C:\WINDOWS\System32\SHCORE.dll
0x00007ffddf300000 - 0x00007ffddf35e000 	C:\WINDOWS\System32\shlwapi.dll
0x00007ffddd010000 - 0x00007ffddd036000 	C:\WINDOWS\SYSTEM32\profapi.dll
0x00007ffd83300000 - 0x00007ffd8348e000 	C:\Users\feby\.p2\pool\plugins\org.eclipse.justj.openjdk.hotspot.jre.full.win32.x86_64_17.0.8.v20230801-1951\jre\bin\awt.dll
0x00007ffdda020000 - 0x00007ffdda0b7000 	C:\WINDOWS\SYSTEM32\apphelp.dll
0x00007ffdda1e0000 - 0x00007ffdda28b000 	C:\WINDOWS\system32\uxtheme.dll
0x00007ffdde580000 - 0x00007ffdde6cf000 	C:\WINDOWS\System32\MSCTF.dll
0x00007ffdddac0000 - 0x00007ffdddc60000 	C:\WINDOWS\System32\ole32.dll
0x00007ffdda440000 - 0x00007ffdda46b000 	C:\WINDOWS\system32\DWMAPI.DLL
0x00007ffd86cf0000 - 0x00007ffd86df0000 	C:\WINDOWS\system32\opengl32.dll
0x00007ffd8c6a0000 - 0x00007ffd8c6cd000 	C:\WINDOWS\SYSTEM32\GLU32.dll
0x00007ffdda2f0000 - 0x00007ffdda326000 	C:\WINDOWS\SYSTEM32\dxcore.dll
0x00007ffdba8f0000 - 0x00007ffdbaa99000 	C:\WINDOWS\system32\d3d9.dll
0x00007ffdd4690000 - 0x00007ffdd484b000 	C:\WINDOWS\System32\DriverStore\FileRepository\u0390835.inf_amd64_66888840aa4163cc\B390488\aticfx64.dll
0x00007ffdc4290000 - 0x00007ffdc42c4000 	C:\WINDOWS\System32\DriverStore\FileRepository\u0390835.inf_amd64_66888840aa4163cc\B390488\atiu9p64.dll
0x00007ffd32fc0000 - 0x00007ffd33d15000 	C:\WINDOWS\System32\DriverStore\FileRepository\u0390835.inf_amd64_66888840aa4163cc\B390488\atiumd64.dll
0x0000000053d90000 - 0x0000000054cb8000 	C:\WINDOWS\System32\DriverStore\FileRepository\u0390835.inf_amd64_66888840aa4163cc\B390488\atiumd6a.dll
0x00007ffddf8b0000 - 0x00007ffddfd24000 	C:\WINDOWS\System32\SETUPAPI.dll
0x00007ffddca10000 - 0x00007ffddca38000 	C:\WINDOWS\SYSTEM32\bcrypt.dll
0x00007ffdd43c0000 - 0x00007ffdd43f5000 	C:\WINDOWS\SYSTEM32\amdihk64.dll
0x00007ffdd76e0000 - 0x00007ffdd772a000 	C:\WINDOWS\SYSTEM32\directxdatabasehelper.dll
0x00007ffdc86d0000 - 0x00007ffdc86e1000 	C:\Users\feby\.p2\pool\plugins\org.eclipse.justj.openjdk.hotspot.jre.full.win32.x86_64_17.0.8.v20230801-1951\jre\bin\jsound.dll
0x00007ffd8b120000 - 0x00007ffd8b1c2000 	C:\WINDOWS\SYSTEM32\DSOUND.dll
0x00007ffdc1cf0000 - 0x00007ffdc1d19000 	C:\WINDOWS\SYSTEM32\winmmbase.dll
0x00007ffd85630000 - 0x00007ffd856e1000 	C:\WINDOWS\SYSTEM32\ResampleDmo.DLL
0x00007ffdc78b0000 - 0x00007ffdc78bb000 	C:\WINDOWS\SYSTEM32\msdmo.dll
0x00007ffdde120000 - 0x00007ffdde1d0000 	C:\WINDOWS\System32\clbcatq.dll
0x00007ffdcf590000 - 0x00007ffdcf62d000 	C:\WINDOWS\System32\MMDevApi.dll
0x00007ffddcd20000 - 0x00007ffddcd4c000 	C:\WINDOWS\System32\DEVOBJ.dll
0x00007ffddcd50000 - 0x00007ffddcd9e000 	C:\WINDOWS\SYSTEM32\cfgmgr32.dll
0x00007ffdd3770000 - 0x00007ffdd37b6000 	C:\WINDOWS\SYSTEM32\wdmaud.drv
0x00007ffdd9fe0000 - 0x00007ffdd9fe9000 	C:\WINDOWS\SYSTEM32\ksuser.dll
0x00007ffdd7240000 - 0x00007ffdd724b000 	C:\WINDOWS\SYSTEM32\AVRT.dll
0x00007ffdbb450000 - 0x00007ffdbb63c000 	C:\WINDOWS\SYSTEM32\AUDIOSES.DLL
0x00007ffdd9fd0000 - 0x00007ffdd9fde000 	C:\WINDOWS\SYSTEM32\msacm32.drv
0x00007ffdd3750000 - 0x00007ffdd376e000 	C:\WINDOWS\SYSTEM32\MSACM32.dll
0x00007ffdd7330000 - 0x00007ffdd733b000 	C:\WINDOWS\SYSTEM32\midimap.dll
0x00007ffdc6b70000 - 0x00007ffdc6b89000 	C:\Users\feby\.p2\pool\plugins\org.eclipse.justj.openjdk.hotspot.jre.full.win32.x86_64_17.0.8.v20230801-1951\jre\bin\net.dll
0x00007ffdd6a20000 - 0x00007ffdd6b57000 	C:\WINDOWS\SYSTEM32\WINHTTP.dll
0x00007ffddc540000 - 0x00007ffddc5a9000 	C:\WINDOWS\system32\mswsock.dll
0x00007ffdc4300000 - 0x00007ffdc4315000 	C:\Users\feby\.p2\pool\plugins\org.eclipse.justj.openjdk.hotspot.jre.full.win32.x86_64_17.0.8.v20230801-1951\jre\bin\nio.dll
0x00007ffdda780000 - 0x00007ffdda795000 	C:\WINDOWS\SYSTEM32\resourcepolicyclient.dll
0x00007ffdc82b0000 - 0x00007ffdc8424000 	C:\Windows\System32\Windows.UI.dll
0x00007ffd9a190000 - 0x00007ffd9a216000 	C:\Users\feby\.p2\pool\plugins\org.eclipse.justj.openjdk.hotspot.jre.full.win32.x86_64_17.0.8.v20230801-1951\jre\bin\freetype.dll
0x00007ffd835f0000 - 0x00007ffd836c3000 	C:\Users\feby\.p2\pool\plugins\org.eclipse.justj.openjdk.hotspot.jre.full.win32.x86_64_17.0.8.v20230801-1951\jre\bin\fontmanager.dll
0x00007ffdc3a00000 - 0x00007ffdc3b4a000 	C:\WINDOWS\SYSTEM32\textinputframework.dll
0x00007ffdd9c30000 - 0x00007ffdd9d63000 	C:\WINDOWS\SYSTEM32\CoreMessaging.dll
0x00007ffdd6c10000 - 0x00007ffdd6f7c000 	C:\WINDOWS\SYSTEM32\CoreUIComponents.dll
0x00007ffddc7d0000 - 0x00007ffddc7dc000 	C:\WINDOWS\SYSTEM32\CRYPTBASE.DLL

dbghelp: loaded successfully - version: 4.0.5 - missing functions: none
symbol engine: initialized successfully - sym options: 0x614 - pdb path: .;C:\Users\feby\.p2\pool\plugins\org.eclipse.justj.openjdk.hotspot.jre.full.win32.x86_64_17.0.8.v20230801-1951\jre\bin;C:\WINDOWS\SYSTEM32;C:\Program Files\Avast Software\Avast;C:\WINDOWS\WinSxS\amd64_microsoft.windows.common-controls_6595b64144ccf1df_6.0.22621.2506_none_270c5ae97388e100;C:\Users\feby\.p2\pool\plugins\org.eclipse.justj.openjdk.hotspot.jre.full.win32.x86_64_17.0.8.v20230801-1951\jre\bin\server;C:\WINDOWS\System32\DriverStore\FileRepository\u0390835.inf_amd64_66888840aa4163cc\B390488

VM Arguments:
jvm_args: -Dfile.encoding=UTF-8 -XX:+ShowCodeDetailsInExceptionMessages 
java_command: it123.Main
java_class_path (initial): C:\Users\feby\eclipse-workspace\KittyCrossRoad\bin
Launcher Type: SUN_STANDARD

[Global flags]
     intx CICompilerCount                          = 4                                         {product} {ergonomic}
     uint ConcGCThreads                            = 3                                         {product} {ergonomic}
     uint G1ConcRefinementThreads                  = 10                                        {product} {ergonomic}
   size_t G1HeapRegionSize                         = 1048576                                   {product} {ergonomic}
    uintx GCDrainStackTargetSize                   = 64                                        {product} {ergonomic}
   size_t InitialHeapSize                          = 98566144                                  {product} {ergonomic}
   size_t MarkStackSize                            = 4194304                                   {product} {ergonomic}
   size_t MaxHeapSize                              = 1574961152                                {product} {ergonomic}
   size_t MaxNewSize                               = 944766976                                 {product} {ergonomic}
   size_t MinHeapDeltaBytes                        = 1048576                                   {product} {ergonomic}
   size_t MinHeapSize                              = 8388608                                   {product} {ergonomic}
    uintx NonNMethodCodeHeapSize                   = 5839372                                {pd product} {ergonomic}
    uintx NonProfiledCodeHeapSize                  = 122909434                              {pd product} {ergonomic}
    uintx ProfiledCodeHeapSize                     = 122909434                              {pd product} {ergonomic}
    uintx ReservedCodeCacheSize                    = 251658240                              {pd product} {ergonomic}
     bool SegmentedCodeCache                       = true                                      {product} {ergonomic}
     bool ShowCodeDetailsInExceptionMessages       = true                                   {manageable} {command line}
   size_t SoftMaxHeapSize                          = 1574961152                             {manageable} {ergonomic}
     bool UseCompressedClassPointers               = true                           {product lp64_product} {ergonomic}
     bool UseCompressedOops                        = true                           {product lp64_product} {ergonomic}
     bool UseG1GC                                  = true                                      {product} {ergonomic}
     bool UseLargePagesIndividualAllocation        = false                                  {pd product} {ergonomic}

Logging:
Log output configuration:
 #0: stdout all=warning uptime,level,tags
 #1: stderr all=off uptime,level,tags

Environment Variables:
PATH=C:/Users/feby/.p2/pool/plugins/org.eclipse.justj.openjdk.hotspot.jre.full.win32.x86_64_17.0.8.v20230801-1951/jre/bin/server;C:/Users/feby/.p2/pool/plugins/org.eclipse.justj.openjdk.hotspot.jre.full.win32.x86_64_17.0.8.v20230801-1951/jre/bin;C:\Program Files (x86)\Common Files\Oracle\Java\javapath;C:\WINDOWS\system32;C:\WINDOWS;C:\WINDOWS\System32\Wbem;C:\WINDOWS\System32\WindowsPowerShell\v1.0\;C:\WINDOWS\System32\OpenSSH\;C:\Program Files\dotnet\;C:\Users\feby\AppData\Local\Microsoft\WindowsApps;;C:\Users\feby\AppData\Local\Programs\Microsoft VS Code\bin;C:\Program Files (x86)\Brackets\;C:\WINDOWS\System32;
USERNAME=feby
OS=Windows_NT
PROCESSOR_IDENTIFIER=AMD64 Family 23 Model 104 Stepping 1, AuthenticAMD
TMP=C:\Users\feby\AppData\Local\Temp
TEMP=C:\Users\feby\AppData\Local\Temp



---------------  S Y S T E M  ---------------

OS:
 Windows 11 , 64 bit Build 22621 (10.0.22621.2506)
OS uptime: 8 days 2:28 hours
Hyper-V role detected

CPU: total 12 (initial active 12) (12 cores per cpu, 2 threads per core) family 23 model 104 stepping 1 microcode 0x0, cx8, cmov, fxsr, ht, mmx, 3dnowpref, sse, sse2, sse3, ssse3, sse4a, sse4.1, sse4.2, popcnt, lzcnt, tsc, tscinvbit, avx, avx2, aes, clmul, bmi1, bmi2, adx, sha, fma, vzeroupper, clflush, clflushopt, hv
Processor Information for processor 0
  Max Mhz: 2100, Current Mhz: 2100, Mhz Limit: 2100
Processor Information for processor 1
  Max Mhz: 2100, Current Mhz: 2100, Mhz Limit: 2100
Processor Information for processor 2
  Max Mhz: 2100, Current Mhz: 2100, Mhz Limit: 2100
Processor Information for processor 3
  Max Mhz: 2100, Current Mhz: 1813, Mhz Limit: 2100
Processor Information for processor 4
  Max Mhz: 2100, Current Mhz: 2100, Mhz Limit: 2100
Processor Information for processor 5
  Max Mhz: 2100, Current Mhz: 1813, Mhz Limit: 2100
Processor Information for processor 6
  Max Mhz: 2100, Current Mhz: 1813, Mhz Limit: 2100
Processor Information for processor 7
  Max Mhz: 2100, Current Mhz: 1813, Mhz Limit: 2100
Processor Information for processor 8
  Max Mhz: 2100, Current Mhz: 1813, Mhz Limit: 2100
Processor Information for processor 9
  Max Mhz: 2100, Current Mhz: 1813, Mhz Limit: 2100
Processor Information for processor 10
  Max Mhz: 2100, Current Mhz: 1813, Mhz Limit: 2100
Processor Information for processor 11
  Max Mhz: 2100, Current Mhz: 1813, Mhz Limit: 2100

Memory: 4k page, system-wide physical 6005M (237M free)
TotalPageFile size 24437M (AvailPageFile size 7M)
current process WorkingSet (physical memory assigned to process): 317M, peak: 320M
current process commit charge ("private bytes"): 395M, peak: 464M

vm_info: OpenJDK 64-Bit Server VM (17.0.8+7) for windows-amd64 JRE (17.0.8+7), built on Jul 18 2023 21:02:32 by "admin" with MS VC++ 16.7 (VS2019)

END.
